{
  "RSpec": {
    "coverage": {
      "/Users/abitravers/gitDir/bank_tec_test/spec/statment_spec.rb": [
        1,
        1,
        1,
        null,
        1,
        3,
        1,
        null,
        1,
        1,
        1,
        1,
        null,
        null,
        null,
        1,
        1,
        1,
        null,
        1,
        null,
        null,
        null,
        null,
        null,
        null,
        null,
        null,
        null,
        null,
        null,
        null,
        null,
        null,
        null
      ],
      "/Users/abitravers/gitDir/bank_tec_test/lib/statement.rb": [
        1,
        1,
        null,
        null,
        1,
        1,
        null,
        1,
        3,
        null,
        null,
        1,
        2,
        null,
        null,
        null,
        1,
        1,
        1
      ]
    },
    "timestamp": 1506958625
  }
}
