{
  "RSpec": {
    "coverage": {
      "/Users/abitravers/gitDir/bank_tec_test/spec/datenow_spec.rb": [
        1,
        1,
        null,
        1,
        2,
        null,
        null,
        null,
        null,
        null,
        null,
        null,
        1,
        1,
        1,
        null,
        1,
        null,
        null,
        null
      ],
      "/Users/abitravers/gitDir/bank_tec_test/spec/statment_spec.rb": [
        1,
        1,
        1,
        null,
        1,
        1,
        null,
        null,
        null,
        null,
        null,
        null,
        null,
        null
      ]
    },
    "timestamp": 1507028566
  }
}
